2025-03-22T18:40:29.664Z INFO @wdio/local-runner: Run worker command: run
2025-03-22T18:40:31.343Z INFO webdriver: Initiate new session using the WebDriver protocol
2025-03-22T18:40:32.350Z INFO webdriver: Using Chromedriver v134.0.6998.165 from cache directory C:\Users\ehtis\AppData\Local\Temp
2025-03-22T18:40:33.427Z INFO @wdio/utils: Started Chromedriver v134.0.6998.165 with params --port=51613 --allowed-origins=* --allowed-ips=0.0.0.0 in 1091ms on port 51613
2025-03-22T18:40:33.463Z INFO webdriver: [POST] http://localhost:51613/session
2025-03-22T18:40:33.463Z INFO webdriver: DATA {
  capabilities: {
    alwaysMatch: {
      browserName: 'chrome',
      'goog:chromeOptions': [Object],
      webSocketUrl: true,
      unhandledPromptBehavior: 'ignore'
    },
    firstMatch: [ {} ]
  }
}
2025-03-22T18:40:38.355Z INFO webdriver: Register BiDi handler for session with id 8baae70896387e8d412135e25df6265a
2025-03-22T18:40:38.355Z INFO webdriver: Connecting to webSocketUrl ws://127.0.0.1:51613/session/8baae70896387e8d412135e25df6265a
2025-03-22T18:40:38.378Z INFO webdriver: Connected to Bidi protocol at ws://127.0.0.1:51613/session/8baae70896387e8d412135e25df6265a
2025-03-22T18:40:38.378Z INFO webdriver: Connected to WebDriver Bidi interface at ws://127.0.0.1:51613/session/8baae70896387e8d412135e25df6265a
2025-03-22T18:40:38.380Z INFO webdriver: BIDI COMMAND session.subscribe {"events":["browsingContext.contextCreated"]}
2025-03-22T18:40:38.384Z INFO webdriver: BIDI COMMAND session.subscribe {"events":["log.entryAdded","browsingContext.navigationStarted"]}
2025-03-22T18:40:38.384Z INFO webdriver: BIDI COMMAND script.addPreloadScript { functionDeclaration: <PreloadScript[1319 bytes]>, contexts: undefined }
2025-03-22T18:40:38.385Z INFO webdriver: BIDI COMMAND session.subscribe {"events":["browsingContext.navigationStarted","browsingContext.fragmentNavigated","network.responseCompleted","network.beforeRequestSent","network.fetchError"]}
2025-03-22T18:40:38.386Z INFO webdriver: BIDI COMMAND session.subscribe {"events":["browsingContext.userPromptOpened"]}
2025-03-22T18:40:38.386Z INFO webdriver: BIDI COMMAND session.subscribe {"events":["browsingContext.navigationStarted"]}
2025-03-22T18:40:38.388Z INFO webdriver: COMMAND getWindowHandle()
2025-03-22T18:40:38.388Z INFO webdriver: BIDI COMMAND browsingContext.getTree {}
2025-03-22T18:40:38.388Z INFO webdriver: [GET] http://localhost:51613/session/8baae70896387e8d412135e25df6265a/window
2025-03-22T18:40:38.392Z INFO webdriver: RESULT 1EE1F0CD74D56F5C7D52F4226D02C9DA
2025-03-22T18:40:38.411Z INFO webdriverio:PolyfillManager: Adding polyfill script to context with id 1EE1F0CD74D56F5C7D52F4226D02C9DA
2025-03-22T18:40:38.412Z INFO webdriver: BIDI COMMAND script.callFunction {"functionDeclaration":"<Function[442 bytes] webdriverioPolyfill>","target":{"children":null,"clientWindow":"","context":"1EE1F0CD74D56F5C7D52F4226D02C9DA","originalOpener":null,"parent":null,"url":"about:blank","userContext":"default"},"awaitPromise":false}
2025-03-22T18:40:38.413Z INFO webdriver: BIDI COMMAND script.addPreloadScript { functionDeclaration: <PreloadScript[442 bytes]>, contexts: ["1EE1F0CD74D56F5C7D52F4226D02C9DA"] }
2025-03-22T18:40:38.415Z INFO webdriver: BIDI RESULT {"id":1,"result":{"subscription":"cbe208dd-6f91-4c9c-8068-047c9f96f66b"},"type":"success"}
2025-03-22T18:40:38.417Z INFO webdriver: BIDI RESULT {"id":2,"result":{"subscription":"fb374e88-1cd9-424b-b5fb-5ad10507f9ed"},"type":"success"}
2025-03-22T18:40:38.422Z INFO webdriver: BIDI RESULT {"id":4,"result":{"subscription":"f295e955-38b1-469e-af97-34e2e52513e1"},"type":"success"}
2025-03-22T18:40:38.424Z INFO webdriver: BIDI RESULT {"id":5,"result":{"subscription":"35ed8984-1912-4dae-ae0b-25ccc2928872"},"type":"success"}
2025-03-22T18:40:38.427Z INFO webdriver: BIDI RESULT {"id":6,"result":{"subscription":"b32e6e32-5af8-4ece-bbe4-c3445d24f15f"},"type":"success"}
2025-03-22T18:40:38.429Z INFO webdriver: BIDI RESULT {"id":7,"result":{"contexts":[{"children":[],"clientWindow":"","context":"1EE1F0CD74D56F5C7D52F4226D02C9DA","originalOpener":null,"parent":null,"url":"about:blank","userContext":"default"}]},"type":"success"}
2025-03-22T18:40:38.508Z INFO webdriver: BIDI RESULT {"id":3,"result":{"script":"61d9d3b9-ac4d-4572-8641-f1fcdb658bed"},"type":"success"}
2025-03-22T18:40:38.509Z INFO webdriver: BIDI RESULT {"id":8,"result":{"realm":"8842637278006596753.8022812389703083802","result":{"type":"undefined"},"type":"success"},"type":"success"}
2025-03-22T18:40:38.510Z INFO webdriver: BIDI RESULT {"id":9,"result":{"script":"e3bd117c-be42-4d79-bccf-e45efc003c88"},"type":"success"}
2025-03-22T18:40:48.423Z ERROR webdriver: Could not connect to Bidi protocol of any candidate url in time: "ws://127.0.0.1:51613/session/8baae70896387e8d412135e25df6265a"
2025-03-22T18:40:48.568Z ERROR @wdio/runner: TypeError: logger is not a function
    at Object.<anonymous> (C:\Users\ehtis\Desktop\Project\utils\logger.js:2:13)
    at Module._compile (node:internal/modules/cjs/loader:1358:14)
    at Object.transformer (C:\Users\ehtis\Desktop\Project\node_modules\tsx\dist\register-DCnOAxY2.cjs:2:1186)
    at Module.load (node:internal/modules/cjs/loader:1208:32)
    at Module._load (node:internal/modules/cjs/loader:1024:12)
    at Module.require (node:internal/modules/cjs/loader:1233:19)
    at require (node:internal/modules/helpers:179:18)
    at Object.<anonymous> (C:\Users\ehtis\Desktop\Project\tests\step-definitions\TC01_happyPath.js:4:13)
    at Module._compile (node:internal/modules/cjs/loader:1358:14)
    at Object.transformer (C:\Users\ehtis\Desktop\Project\node_modules\tsx\dist\register-DCnOAxY2.cjs:2:1186)
2025-03-22T18:40:48.571Z INFO webdriver: COMMAND deleteSession()
2025-03-22T18:40:48.571Z INFO webdriver: [DELETE] http://localhost:51613/session/8baae70896387e8d412135e25df6265a
2025-03-22T18:40:48.810Z INFO webdriver: RESULT null
2025-03-22T18:40:48.811Z INFO webdriver: Close Bidi connection to ws://127.0.0.1:51613/session/8baae70896387e8d412135e25df6265a
2025-03-22T18:40:48.812Z INFO webdriver: Kill driver process with PID 21928
